[2015-06-29 04:16:14] Gateway:Received message!
[2015-06-29 04:16:14] Gateway:Start to dividing the instruction!
[2015-06-29 04:16:14] Gateway:Instruction format checking finished!
[2015-06-29 04:16:14] Gateway:select max_raise success
[2015-06-29 04:16:14] Gateway:Start sending message to worker!
[2015-06-29 04:16:14] Gateway:Succeed!Instruction had send to worker.
[2015-06-29 04:16:14] Worker:Received message!
[2015-06-29 04:16:14] Worker:Prepare to process the instruction!
[2015-06-29 04:16:14] Controller:Processing...
[2015-06-29 04:16:14] Controller:Pool is opened
[2015-06-29 04:16:14] DatabaseUnit:Connecting...
[2015-06-29 04:16:34] Gateway:Received message!
[2015-06-29 04:16:34] Gateway:Start to dividing the instruction!
[2015-06-29 04:16:34] Gateway:Instruction format checking finished!
[2015-06-29 04:16:34] Gateway:select max_raise success
[2015-06-29 04:16:34] Gateway:Start sending message to worker!
[2015-06-29 04:16:34] Gateway:Succeed!Instruction had send to worker.
[2015-06-29 04:16:34] Worker:Received message!
[2015-06-29 04:16:34] Worker:Prepare to process the instruction!
[2015-06-29 04:16:34] Controller:Processing...
[2015-06-29 04:16:34] Controller:Pool is opened
[2015-06-29 04:16:34] DatabaseUnit:Connecting...
[2015-06-29 04:21:31] Booting...
[2015-06-29 04:21:32] Booting...
[2015-06-29 04:21:38] Gateway:Received message!
[2015-06-29 04:21:38] Gateway:Start to dividing the instruction!
[2015-06-29 04:21:38] Gateway:Instruction format checking finished!
[2015-06-29 04:21:38] Gateway:select max_raise success
[2015-06-29 04:21:38] Gateway:Start sending message to worker!
[2015-06-29 04:21:38] Gateway:Succeed!Instruction had send to worker.
[2015-06-29 04:21:38] Worker:Received message!
[2015-06-29 04:21:38] Worker:Prepare to process the instruction!
[2015-06-29 04:21:38] Controller:Processing...
[2015-06-29 04:21:38] Controller:Pool is opened
[2015-06-29 04:21:38] DatabaseUnit:Connecting...
[2015-06-29 04:21:38] Controller:Adding instruction to pool...
[2015-06-29 04:21:38] PoolUnit:Start to add instruction.
[2015-06-29 04:21:38] Controller:0 trades matching. 
[2015-06-29 04:23:18] Gateway:Received message!
[2015-06-29 04:23:18] Gateway:Start to dividing the instruction!
[2015-06-29 04:23:18] Gateway:Instruction format checking finished!
[2015-06-29 04:23:18] Gateway:select max_raise success
[2015-06-29 04:23:18] Gateway:Start sending message to worker!
[2015-06-29 04:23:18] Gateway:Succeed!Instruction had send to worker.
[2015-06-29 04:23:18] Worker:Received message!
[2015-06-29 04:23:18] Worker:Prepare to process the instruction!
[2015-06-29 04:23:18] Controller:Processing...
[2015-06-29 04:23:18] Controller:Pool is opened
[2015-06-29 04:23:18] DatabaseUnit:Connecting...
[2015-06-29 04:23:18] Controller:Adding instruction to pool...
[2015-06-29 04:23:18] PoolUnit:Start to add instruction.
[2015-06-29 04:23:18] Controller:0 trades matching. 
[2015-06-29 04:27:03] Booting...
