2015-06-29 23:28:40 Workerman[start.php] start in DEBUG mode
2015-06-29 23:39:02 Workerman[start.php] stop 
2015-06-29 23:39:02 Workerman[start.php] is stoping ...
2015-06-29 23:39:02 Workerman[start.php] Stopping ...
2015-06-29 23:39:02 Workerman[start.php] has been stopped
2015-06-29 23:39:02 Workerman[start.php] stop success
2015-06-29 23:39:08 Workerman[start.php] start in DEBUG mode
2015-06-29 23:58:08 Workerman[start.php] stop 
2015-06-29 23:58:08 Workerman[start.php] is stoping ...
2015-06-29 23:58:08 Workerman[start.php] Stopping ...
2015-06-29 23:58:08 Workerman[start.php] has been stopped
2015-06-29 23:58:08 Workerman[start.php] stop success
2015-06-29 23:58:09 Workerman[start.php] start in DEBUG mode
2015-06-30 00:25:06 Workerman[start.php] stop 
2015-06-30 00:25:06 Workerman[start.php] is stoping ...
2015-06-30 00:25:06 Workerman[start.php] Stopping ...
2015-06-30 00:25:06 Workerman[start.php] has been stopped
2015-06-30 00:25:07 Workerman[start.php] stop success
2015-06-30 00:26:55 Workerman[start.php] start in DEBUG mode
2015-06-30 00:27:07 WORKER EXIT UNEXPECTED E_ERROR Call to a member function display() on a non-object in /var/www/sts/pool.php on line 230
2015-06-30 00:27:07 worker[CoreSystemController:15433] exit with status 65280
2015-06-30 00:30:05 Workerman[start.php] stop 
2015-06-30 00:30:05 Workerman[start.php] is stoping ...
2015-06-30 00:30:05 Workerman[start.php] Stopping ...
2015-06-30 00:30:05 Workerman[start.php] has been stopped
2015-06-30 00:30:05 Workerman[start.php] stop success
2015-06-30 00:30:07 Workerman[start.php] start in DEBUG mode
2015-06-30 00:41:18 Workerman[start.php] stop 
2015-06-30 00:41:18 Workerman[start.php] is stoping ...
2015-06-30 00:41:18 Workerman[start.php] Stopping ...
2015-06-30 00:41:18 Workerman[start.php] has been stopped
2015-06-30 00:41:18 Workerman[start.php] stop success
2015-06-30 00:41:22 Workerman[start.php] start in DEBUG mode
2015-06-30 00:44:00 Workerman[start.php] stop 
2015-06-30 00:44:00 Workerman[start.php] is stoping ...
2015-06-30 00:44:00 Workerman[start.php] Stopping ...
2015-06-30 00:44:00 Workerman[start.php] has been stopped
2015-06-30 00:44:00 Workerman[start.php] stop success
2015-06-30 00:44:03 Workerman[start.php] start in DEBUG mode
2015-06-30 00:50:08 Workerman[start.php] stop 
2015-06-30 00:50:08 Workerman[start.php] is stoping ...
2015-06-30 00:50:08 Workerman[start.php] Stopping ...
2015-06-30 00:50:08 Workerman[start.php] has been stopped
2015-06-30 00:50:08 Workerman[start.php] stop success
2015-06-30 00:50:10 Workerman[start.php] start in DEBUG mode
2015-06-30 00:50:19 Workerman[start.php] stop 
2015-06-30 00:50:19 Workerman[start.php] is stoping ...
2015-06-30 00:50:19 Workerman[start.php] Stopping ...
2015-06-30 00:50:19 Workerman[start.php] has been stopped
2015-06-30 00:50:19 Workerman[start.php] stop success
2015-06-30 00:50:21 Workerman[start.php] start in DEBUG mode
2015-06-30 00:52:26 WORKER EXIT UNEXPECTED E_ERROR Call to undefined method stdClass::display() in /var/www/sts/pool.php on line 273
2015-06-30 00:52:26 worker[CoreSystemController:15857] exit with status 65280
2015-06-30 01:21:33 Workerman[start.php] stop 
2015-06-30 01:21:33 Workerman[start.php] is stoping ...
2015-06-30 01:21:33 Workerman[start.php] Stopping ...
2015-06-30 01:21:33 Workerman[start.php] has been stopped
2015-06-30 01:21:33 Workerman[start.php] stop success
2015-06-30 01:22:40 Workerman[start.php] start in DEBUG mode
2015-06-30 01:45:17 Workerman[start.php] stop 
2015-06-30 01:45:17 Workerman[start.php] is stoping ...
2015-06-30 01:45:17 Workerman[start.php] Stopping ...
2015-06-30 01:45:17 Workerman[start.php] has been stopped
2015-06-30 01:45:17 Workerman[start.php] stop success
2015-06-30 01:52:36 Workerman[start.php] start in DEBUG mode
2015-06-30 01:53:18 Workerman[start.php] stop 
2015-06-30 01:53:18 Workerman[start.php] is stoping ...
2015-06-30 01:53:18 Workerman[start.php] Stopping ...
2015-06-30 01:53:18 Workerman[start.php] has been stopped
2015-06-30 01:53:18 Workerman[start.php] stop success
2015-06-30 01:55:56 Workerman[start.php] start in DEBUG mode
2015-06-30 01:56:59 WORKER EXIT UNEXPECTED E_ERROR Call to protected method database::changeCapital() from context 'controller' in /var/www/sts/controller.php on line 59
2015-06-30 01:56:59 worker[CoreSystemController:16707] exit with status 65280
2015-06-30 01:58:13 Workerman[start.php] stop 
2015-06-30 01:58:13 Workerman[start.php] is stoping ...
2015-06-30 01:58:13 Workerman[start.php] Stopping ...
2015-06-30 01:58:13 Workerman[start.php] has been stopped
2015-06-30 01:58:13 Workerman[start.php] stop success
2015-06-30 02:05:42 Workerman[start.php] start in DEBUG mode
2015-06-30 02:05:51 WORKER EXIT UNEXPECTED E_ERROR Call to undefined function initStock() in /var/www/sts/pool.php on line 367
2015-06-30 02:05:51 worker[CoreSystemController:16937] exit with status 65280
2015-06-30 02:06:38 WORKER EXIT UNEXPECTED E_ERROR Call to undefined function initStock() in /var/www/sts/pool.php on line 367
2015-06-30 02:06:38 worker[CoreSystemController:16949] exit with status 65280
2015-06-30 02:06:48 Workerman[start.php] stop 
2015-06-30 02:06:48 Workerman[start.php] is stoping ...
2015-06-30 02:06:48 Workerman[start.php] Stopping ...
2015-06-30 02:06:48 Workerman[start.php] has been stopped
2015-06-30 02:06:48 Workerman[start.php] stop success
2015-06-30 02:06:49 Workerman[start.php] start in DEBUG mode
2015-06-30 02:16:42 Workerman[start.php] stop 
2015-06-30 02:16:42 Workerman[start.php] is stoping ...
2015-06-30 02:16:42 Workerman[start.php] Stopping ...
2015-06-30 02:16:42 Workerman[start.php] has been stopped
2015-06-30 02:16:42 Workerman[start.php] stop success
2015-06-30 02:16:47 Workerman[start.php] start in DEBUG mode
2015-06-30 02:24:57 Workerman[start.php] stop 
2015-06-30 02:24:57 Workerman[start.php] is stoping ...
2015-06-30 02:24:57 Workerman[start.php] Stopping ...
2015-06-30 02:24:57 Workerman[start.php] has been stopped
2015-06-30 02:24:57 Workerman[start.php] stop success
2015-06-30 02:24:58 Workerman[start.php] start in DEBUG mode
2015-06-30 02:33:03 Workerman[start.php] stop 
2015-06-30 02:33:03 Workerman[start.php] is stoping ...
2015-06-30 02:33:03 Workerman[start.php] Stopping ...
2015-06-30 02:33:03 Workerman[start.php] has been stopped
2015-06-30 02:33:03 Workerman[start.php] stop success
2015-06-30 02:33:05 Workerman[start.php] start in DEBUG mode
2015-06-30 02:46:05 Workerman[start.php] stop 
2015-06-30 02:46:05 Workerman[start.php] is stoping ...
2015-06-30 02:46:05 Workerman[start.php] Stopping ...
2015-06-30 02:46:05 Workerman[start.php] has been stopped
2015-06-30 02:46:05 Workerman[start.php] stop success
2015-06-30 02:46:07 Workerman[start.php] start in DEBUG mode
2015-06-30 02:50:11 Workerman[start.php] stop 
2015-06-30 02:50:11 Workerman[start.php] is stoping ...
2015-06-30 02:50:11 Workerman[start.php] Stopping ...
2015-06-30 02:50:11 Workerman[start.php] has been stopped
2015-06-30 02:50:11 Workerman[start.php] stop success
2015-06-30 02:50:20 Workerman[start.php] stop 
2015-06-30 02:50:20 Workerman[start.php] not run
2015-06-30 02:50:20 Workerman[start.php] is stoping ...
2015-06-30 02:50:20 Workerman[start.php] stop success
2015-06-30 02:50:21 Workerman[start.php] start in DEBUG mode
2015-06-30 02:53:53 Workerman[start.php] stop 
2015-06-30 02:53:53 Workerman[start.php] is stoping ...
2015-06-30 02:53:53 Workerman[start.php] Stopping ...
2015-06-30 02:53:53 Workerman[start.php] has been stopped
2015-06-30 02:53:53 Workerman[start.php] stop success
2015-06-30 02:53:55 Workerman[start.php] start in DEBUG mode
2015-06-30 03:04:45 Workerman[start.php] stop 
2015-06-30 03:04:45 Workerman[start.php] is stoping ...
2015-06-30 03:04:45 Workerman[start.php] Stopping ...
2015-06-30 03:04:45 Workerman[start.php] has been stopped
2015-06-30 03:04:45 Workerman[start.php] stop success
2015-06-30 03:05:06 Workerman[start.php] start in DEBUG mode
2015-06-30 03:09:18 Workerman[start.php] stop 
2015-06-30 03:09:18 Workerman[start.php] is stoping ...
2015-06-30 03:09:18 Workerman[start.php] Stopping ...
2015-06-30 03:09:18 Workerman[start.php] has been stopped
2015-06-30 03:09:18 Workerman[start.php] stop success
2015-06-30 03:09:21 Workerman[start.php] start in DEBUG mode
2015-06-30 03:10:17 Workerman[start.php] stop 
2015-06-30 03:10:17 Workerman[start.php] is stoping ...
2015-06-30 03:10:17 Workerman[start.php] Stopping ...
2015-06-30 03:10:17 Workerman[start.php] has been stopped
2015-06-30 03:10:17 Workerman[start.php] stop success
2015-06-30 03:10:19 Workerman[start.php] start in DEBUG mode
2015-06-30 03:13:27 Workerman[start.php] stop 
2015-06-30 03:13:27 Workerman[start.php] is stoping ...
2015-06-30 03:13:27 Workerman[start.php] Stopping ...
2015-06-30 03:13:27 Workerman[start.php] has been stopped
2015-06-30 03:13:27 Workerman[start.php] stop success
2015-06-30 03:13:30 Workerman[start.php] start in DEBUG mode
2015-06-30 03:22:41 Workerman[start.php] stop 
2015-06-30 03:22:41 Workerman[start.php] is stoping ...
2015-06-30 03:22:41 Workerman[start.php] Stopping ...
2015-06-30 03:22:41 Workerman[start.php] has been stopped
2015-06-30 03:22:41 Workerman[start.php] stop success
2015-06-30 03:22:42 Workerman[start.php] start in DEBUG mode
2015-06-30 03:25:50 Workerman[start.php] stop 
2015-06-30 03:25:50 Workerman[start.php] is stoping ...
2015-06-30 03:25:50 Workerman[start.php] Stopping ...
2015-06-30 03:25:51 Workerman[start.php] has been stopped
2015-06-30 03:25:51 Workerman[start.php] stop success
2015-06-30 03:29:58 Workerman[start.php] start in DEBUG mode
2015-06-30 03:34:28 Workerman[start.php] stop 
2015-06-30 03:34:28 Workerman[start.php] is stoping ...
2015-06-30 03:34:28 Workerman[start.php] Stopping ...
2015-06-30 03:34:28 Workerman[start.php] has been stopped
2015-06-30 03:34:28 Workerman[start.php] stop success
2015-06-30 03:34:30 Workerman[start.php] start in DEBUG mode
2015-06-30 03:36:02 Workerman[start.php] stop 
2015-06-30 03:36:02 Workerman[start.php] is stoping ...
2015-06-30 03:36:02 Workerman[start.php] Stopping ...
2015-06-30 03:36:02 Workerman[start.php] has been stopped
2015-06-30 03:36:02 Workerman[start.php] stop success
